{"C:\\Projects\\DigitalKrate\\KrateCMS\\src\\KrateCMS\\Core.ts": {"path":"C:\\Projects\\DigitalKrate\\KrateCMS\\src\\KrateCMS\\Core.ts","statementMap":{"0":{"start":{"line":1,"column":0},"end":{"line":1,"column":29}},"1":{"start":{"line":2,"column":0},"end":{"line":2,"column":23}},"2":{"start":{"line":3,"column":0},"end":{"line":3,"column":19}},"3":{"start":{"line":5,"column":0},"end":{"line":5,"column":33}},"4":{"start":{"line":9,"column":10},"end":{"line":9,"column":27}},"5":{"start":{"line":13,"column":9},"end":{"line":13,"column":26}},"6":{"start":{"line":16,"column":4},"end":{"line":16,"column":35}},"7":{"start":{"line":18,"column":4},"end":{"line":18,"column":46}},"8":{"start":{"line":20,"column":4},"end":{"line":20,"column":37}},"9":{"start":{"line":20,"column":24},"end":{"line":20,"column":37}},"10":{"start":{"line":24,"column":4},"end":{"line":44,"column":7}},"11":{"start":{"line":24,"column":45},"end":{"line":44,"column":5}},"12":{"start":{"line":25,"column":6},"end":{"line":29,"column":9}},"13":{"start":{"line":31,"column":18},"end":{"line":31,"column":27}},"14":{"start":{"line":34,"column":6},"end":{"line":34,"column":64}},"15":{"start":{"line":35,"column":6},"end":{"line":35,"column":36}},"16":{"start":{"line":38,"column":6},"end":{"line":38,"column":22}},"17":{"start":{"line":40,"column":6},"end":{"line":43,"column":9}},"18":{"start":{"line":41,"column":8},"end":{"line":41,"column":62}},"19":{"start":{"line":42,"column":8},"end":{"line":42,"column":18}},"20":{"start":{"line":48,"column":4},"end":{"line":48,"column":47}},"21":{"start":{"line":52,"column":4},"end":{"line":58,"column":7}},"22":{"start":{"line":53,"column":6},"end":{"line":57,"column":9}},"23":{"start":{"line":54,"column":8},"end":{"line":54,"column":35}},"24":{"start":{"line":54,"column":16},"end":{"line":54,"column":35}},"25":{"start":{"line":56,"column":8},"end":{"line":56,"column":18}},"26":{"start":{"line":62,"column":4},"end":{"line":62,"column":89}},"27":{"start":{"line":66,"column":17},"end":{"line":66,"column":21}},"28":{"start":{"line":67,"column":4},"end":{"line":71,"column":7}},"29":{"start":{"line":68,"column":6},"end":{"line":70,"column":9}},"30":{"start":{"line":69,"column":8},"end":{"line":69,"column":39}},"31":{"start":{"line":11,"column":17},"end":{"line":11,"column":67}},"32":{"start":{"line":76,"column":0},"end":{"line":76,"column":57}}},"fnMap":{"0":{"name":"(anonymous_7)","decl":{"start":{"line":15,"column":2},"end":{"line":15,"column":13}},"loc":{"start":{"line":15,"column":45},"end":{"line":21,"column":3}}},"1":{"name":"(anonymous_8)","decl":{"start":{"line":23,"column":15},"end":{"line":23,"column":19}},"loc":{"start":{"line":23,"column":56},"end":{"line":45,"column":3}}},"2":{"name":"(anonymous_10)","decl":{"start":{"line":24,"column":29},"end":{"line":24,"column":35}},"loc":{"start":{"line":24,"column":45},"end":{"line":44,"column":5}}},"3":{"name":"(anonymous_11)","decl":{"start":{"line":24,"column":45},"end":{"line":null,"column":-1}},"loc":{"start":{"line":24,"column":45},"end":{"line":44,"column":5}}},"4":{"name":"(anonymous_12)","decl":{"start":{"line":40,"column":23},"end":{"line":40,"column":31}},"loc":{"start":{"line":40,"column":34},"end":{"line":43,"column":7}}},"5":{"name":"(anonymous_13)","decl":{"start":{"line":47,"column":9},"end":{"line":47,"column":11}},"loc":{"start":{"line":47,"column":35},"end":{"line":49,"column":3}}},"6":{"name":"(anonymous_14)","decl":{"start":{"line":51,"column":16},"end":{"line":51,"column":25}},"loc":{"start":{"line":51,"column":38},"end":{"line":59,"column":3}}},"7":{"name":"(anonymous_16)","decl":{"start":{"line":52,"column":35},"end":{"line":52,"column":36}},"loc":{"start":{"line":52,"column":55},"end":{"line":58,"column":5}}},"8":{"name":"(anonymous_17)","decl":{"start":{"line":53,"column":81},"end":{"line":53,"column":83}},"loc":{"start":{"line":53,"column":87},"end":{"line":57,"column":7}}},"9":{"name":"(anonymous_18)","decl":{"start":{"line":61,"column":10},"end":{"line":61,"column":15}},"loc":{"start":{"line":61,"column":26},"end":{"line":63,"column":3}}},"10":{"name":"(anonymous_19)","decl":{"start":{"line":65,"column":10},"end":{"line":65,"column":14}},"loc":{"start":{"line":65,"column":15},"end":{"line":72,"column":3}}},"11":{"name":"(anonymous_20)","decl":{"start":{"line":67,"column":31},"end":{"line":67,"column":32}},"loc":{"start":{"line":67,"column":55},"end":{"line":71,"column":5}}},"12":{"name":"(anonymous_21)","decl":{"start":{"line":68,"column":36},"end":{"line":68,"column":44}},"loc":{"start":{"line":68,"column":54},"end":{"line":70,"column":7}}}},"branchMap":{"0":{"loc":{"start":{"line":15,"column":41},"end":{"line":15,"column":45}},"type":"default-arg","locations":[{"start":{"line":15,"column":41},"end":{"line":15,"column":45}}]},"1":{"loc":{"start":{"line":20,"column":4},"end":{"line":20,"column":37}},"type":"if","locations":[{"start":{"line":20,"column":4},"end":{"line":20,"column":37}},{"start":{"line":20,"column":4},"end":{"line":20,"column":37}}]},"2":{"loc":{"start":{"line":23,"column":52},"end":{"line":23,"column":56}},"type":"default-arg","locations":[{"start":{"line":23,"column":52},"end":{"line":23,"column":56}}]},"3":{"loc":{"start":{"line":48,"column":11},"end":{"line":48,"column":38}},"type":"binary-expr","locations":[{"start":{"line":48,"column":11},"end":{"line":48,"column":38}},{"start":{"line":48,"column":42},"end":{"line":48,"column":46}}]},"4":{"loc":{"start":{"line":54,"column":8},"end":{"line":54,"column":35}},"type":"if","locations":[{"start":{"line":54,"column":8},"end":{"line":54,"column":35}},{"start":{"line":54,"column":8},"end":{"line":54,"column":35}}]},"5":{"loc":{"start":{"line":62,"column":11},"end":{"line":62,"column":80}},"type":"binary-expr","locations":[{"start":{"line":62,"column":11},"end":{"line":62,"column":80}},{"start":{"line":62,"column":84},"end":{"line":62,"column":88}}]},"6":{"loc":{"start":{"line":62,"column":22},"end":{"line":62,"column":73}},"type":"binary-expr","locations":[{"start":{"line":62,"column":22},"end":{"line":62,"column":73}},{"start":{"line":62,"column":77},"end":{"line":62,"column":79}}]},"7":{"loc":{"start":{"line":76,"column":43},"end":{"line":76,"column":48}},"type":"cond-expr","locations":[{"start":{"line":76,"column":43},"end":{"line":76,"column":48}},{"start":{"line":76,"column":51},"end":{"line":76,"column":55}}]}},"s":{"0":1,"1":1,"2":1,"3":1,"4":1,"5":1,"6":1,"7":1,"8":1,"9":0,"10":0,"11":0,"12":0,"13":0,"14":0,"15":0,"16":0,"17":0,"18":0,"19":0,"20":2,"21":0,"22":0,"23":0,"24":0,"25":0,"26":1,"27":0,"28":0,"29":0,"30":0,"31":1,"32":1},"f":{"0":1,"1":0,"2":0,"3":0,"4":0,"5":2,"6":0,"7":0,"8":0,"9":1,"10":0,"11":0,"12":0},"b":{"0":[0],"1":[0,1],"2":[0],"3":[2,0],"4":[0,0],"5":[1,0],"6":[1,0],"7":[1,0]}}
,"C:\\Projects\\DigitalKrate\\KrateCMS\\src\\KrateCMS\\Plugin.ts": {"path":"C:\\Projects\\DigitalKrate\\KrateCMS\\src\\KrateCMS\\Plugin.ts","statementMap":{"0":{"start":{"line":1,"column":0},"end":{"line":3,"column":1}}},"fnMap":{},"branchMap":{},"s":{"0":1},"f":{},"b":{}}
,"C:\\Projects\\DigitalKrate\\KrateCMS\\src\\KrateCMS\\Plugins.ts": {"path":"C:\\Projects\\DigitalKrate\\KrateCMS\\src\\KrateCMS\\Plugins.ts","statementMap":{"0":{"start":{"line":1,"column":0},"end":{"line":1,"column":24}},"1":{"start":{"line":3,"column":0},"end":{"line":3,"column":31}},"2":{"start":{"line":11,"column":4},"end":{"line":37,"column":7}},"3":{"start":{"line":11,"column":71},"end":{"line":37,"column":5}},"4":{"start":{"line":12,"column":6},"end":{"line":36,"column":9}},"5":{"start":{"line":13,"column":8},"end":{"line":13,"column":38}},"6":{"start":{"line":13,"column":19},"end":{"line":13,"column":38}},"7":{"start":{"line":15,"column":45},"end":{"line":15,"column":47}},"8":{"start":{"line":16,"column":8},"end":{"line":33,"column":11}},"9":{"start":{"line":17,"column":29},"end":{"line":17,"column":65}},"10":{"start":{"line":18,"column":31},"end":{"line":18,"column":69}},"11":{"start":{"line":19,"column":10},"end":{"line":32,"column":11}},"12":{"start":{"line":20,"column":29},"end":{"line":20,"column":76}},"13":{"start":{"line":21,"column":27},"end":{"line":21,"column":47}},"14":{"start":{"line":23,"column":12},"end":{"line":23,"column":107}},"15":{"start":{"line":23,"column":100},"end":{"line":23,"column":107}},"16":{"start":{"line":25,"column":12},"end":{"line":25,"column":58}},"17":{"start":{"line":26,"column":12},"end":{"line":26,"column":49}},"18":{"start":{"line":27,"column":12},"end":{"line":30,"column":14}},"19":{"start":{"line":31,"column":12},"end":{"line":31,"column":33}},"20":{"start":{"line":35,"column":8},"end":{"line":35,"column":25}},"21":{"start":{"line":41,"column":18},"end":{"line":41,"column":53}},"22":{"start":{"line":42,"column":41},"end":{"line":42,"column":43}},"23":{"start":{"line":44,"column":4},"end":{"line":61,"column":7}},"24":{"start":{"line":45,"column":25},"end":{"line":45,"column":61}},"25":{"start":{"line":46,"column":27},"end":{"line":46,"column":65}},"26":{"start":{"line":47,"column":6},"end":{"line":60,"column":7}},"27":{"start":{"line":48,"column":25},"end":{"line":48,"column":72}},"28":{"start":{"line":49,"column":23},"end":{"line":49,"column":43}},"29":{"start":{"line":51,"column":8},"end":{"line":51,"column":103}},"30":{"start":{"line":51,"column":96},"end":{"line":51,"column":103}},"31":{"start":{"line":53,"column":8},"end":{"line":53,"column":54}},"32":{"start":{"line":54,"column":8},"end":{"line":54,"column":45}},"33":{"start":{"line":55,"column":8},"end":{"line":58,"column":10}},"34":{"start":{"line":59,"column":8},"end":{"line":59,"column":29}},"35":{"start":{"line":63,"column":4},"end":{"line":63,"column":19}},"36":{"start":{"line":8,"column":9},"end":{"line":8,"column":64}},"37":{"start":{"line":6,"column":0},"end":{"line":66,"column":1}}},"fnMap":{"0":{"name":"(anonymous_7)","decl":{"start":{"line":10,"column":9},"end":{"line":10,"column":14}},"loc":{"start":{"line":10,"column":32},"end":{"line":38,"column":3}}},"1":{"name":"(anonymous_9)","decl":{"start":{"line":11,"column":46},"end":{"line":11,"column":52}},"loc":{"start":{"line":11,"column":71},"end":{"line":37,"column":5}}},"2":{"name":"(anonymous_10)","decl":{"start":{"line":11,"column":71},"end":{"line":null,"column":-1}},"loc":{"start":{"line":11,"column":71},"end":{"line":37,"column":5}}},"3":{"name":"(anonymous_11)","decl":{"start":{"line":12,"column":38},"end":{"line":12,"column":39}},"loc":{"start":{"line":12,"column":53},"end":{"line":36,"column":7}}},"4":{"name":"(anonymous_12)","decl":{"start":{"line":16,"column":22},"end":{"line":16,"column":25}},"loc":{"start":{"line":16,"column":29},"end":{"line":33,"column":9}}},"5":{"name":"(anonymous_13)","decl":{"start":{"line":40,"column":9},"end":{"line":40,"column":14}},"loc":{"start":{"line":40,"column":30},"end":{"line":64,"column":3}}},"6":{"name":"(anonymous_14)","decl":{"start":{"line":44,"column":18},"end":{"line":44,"column":21}},"loc":{"start":{"line":44,"column":25},"end":{"line":61,"column":5}}}},"branchMap":{"0":{"loc":{"start":{"line":13,"column":8},"end":{"line":13,"column":38}},"type":"if","locations":[{"start":{"line":13,"column":8},"end":{"line":13,"column":38}},{"start":{"line":13,"column":8},"end":{"line":13,"column":38}}]},"1":{"loc":{"start":{"line":19,"column":10},"end":{"line":32,"column":11}},"type":"if","locations":[{"start":{"line":19,"column":10},"end":{"line":32,"column":11}},{"start":{"line":19,"column":10},"end":{"line":32,"column":11}}]},"2":{"loc":{"start":{"line":23,"column":12},"end":{"line":23,"column":107}},"type":"if","locations":[{"start":{"line":23,"column":12},"end":{"line":23,"column":107}},{"start":{"line":23,"column":12},"end":{"line":23,"column":107}}]},"3":{"loc":{"start":{"line":23,"column":15},"end":{"line":23,"column":22}},"type":"binary-expr","locations":[{"start":{"line":23,"column":15},"end":{"line":23,"column":22}},{"start":{"line":23,"column":26},"end":{"line":23,"column":38}},{"start":{"line":23,"column":42},"end":{"line":23,"column":56}},{"start":{"line":23,"column":60},"end":{"line":23,"column":75}},{"start":{"line":23,"column":79},"end":{"line":23,"column":98}}]},"4":{"loc":{"start":{"line":25,"column":33},"end":{"line":25,"column":51}},"type":"binary-expr","locations":[{"start":{"line":25,"column":33},"end":{"line":25,"column":51}},{"start":{"line":25,"column":55},"end":{"line":25,"column":57}}]},"5":{"loc":{"start":{"line":47,"column":6},"end":{"line":60,"column":7}},"type":"if","locations":[{"start":{"line":47,"column":6},"end":{"line":60,"column":7}},{"start":{"line":47,"column":6},"end":{"line":60,"column":7}}]},"6":{"loc":{"start":{"line":51,"column":8},"end":{"line":51,"column":103}},"type":"if","locations":[{"start":{"line":51,"column":8},"end":{"line":51,"column":103}},{"start":{"line":51,"column":8},"end":{"line":51,"column":103}}]},"7":{"loc":{"start":{"line":51,"column":11},"end":{"line":51,"column":18}},"type":"binary-expr","locations":[{"start":{"line":51,"column":11},"end":{"line":51,"column":18}},{"start":{"line":51,"column":22},"end":{"line":51,"column":34}},{"start":{"line":51,"column":38},"end":{"line":51,"column":52}},{"start":{"line":51,"column":56},"end":{"line":51,"column":71}},{"start":{"line":51,"column":75},"end":{"line":51,"column":94}}]},"8":{"loc":{"start":{"line":53,"column":29},"end":{"line":53,"column":47}},"type":"binary-expr","locations":[{"start":{"line":53,"column":29},"end":{"line":53,"column":47}},{"start":{"line":53,"column":51},"end":{"line":53,"column":53}}]}},"s":{"0":1,"1":1,"2":0,"3":0,"4":0,"5":0,"6":0,"7":0,"8":0,"9":0,"10":0,"11":0,"12":0,"13":0,"14":0,"15":0,"16":0,"17":0,"18":0,"19":0,"20":0,"21":0,"22":0,"23":0,"24":0,"25":0,"26":0,"27":0,"28":0,"29":0,"30":0,"31":0,"32":0,"33":0,"34":0,"35":0,"36":1,"37":1},"f":{"0":0,"1":0,"2":0,"3":0,"4":0,"5":0,"6":0},"b":{"0":[0,0],"1":[0,0],"2":[0,0],"3":[0,0,0,0,0],"4":[0,0],"5":[0,0],"6":[0,0],"7":[0,0,0,0,0],"8":[0,0]}}
,"C:\\Projects\\DigitalKrate\\KrateCMS\\src\\KrateCMS\\RenderEngine.ts": {"path":"C:\\Projects\\DigitalKrate\\KrateCMS\\src\\KrateCMS\\RenderEngine.ts","statementMap":{"0":{"start":{"line":1,"column":0},"end":{"line":1,"column":31}},"1":{"start":{"line":5,"column":21},"end":{"line":5,"column":82}},"2":{"start":{"line":6,"column":21},"end":{"line":6,"column":70}},"3":{"start":{"line":12,"column":4},"end":{"line":12,"column":57}},"4":{"start":{"line":3,"column":0},"end":{"line":15,"column":1}},"5":{"start":{"line":17,"column":0},"end":{"line":17,"column":28}}},"fnMap":{"0":{"name":"(anonymous_0)","decl":{"start":{"line":8,"column":2},"end":{"line":8,"column":13}},"loc":{"start":{"line":8,"column":26},"end":{"line":8,"column":31}}},"1":{"name":"(anonymous_1)","decl":{"start":{"line":10,"column":9},"end":{"line":10,"column":15}},"loc":{"start":{"line":10,"column":31},"end":{"line":13,"column":3}}}},"branchMap":{},"s":{"0":1,"1":0,"2":0,"3":0,"4":1,"5":1},"f":{"0":0,"1":0},"b":{}}
,"C:\\Projects\\DigitalKrate\\KrateCMS\\src\\KrateCMS\\Response.ts": {"path":"C:\\Projects\\DigitalKrate\\KrateCMS\\src\\KrateCMS\\Response.ts","statementMap":{"0":{"start":{"line":8,"column":4},"end":{"line":8,"column":19}},"1":{"start":{"line":10,"column":4},"end":{"line":24,"column":7}},"2":{"start":{"line":12,"column":8},"end":{"line":12,"column":63}},"3":{"start":{"line":12,"column":41},"end":{"line":12,"column":63}},"4":{"start":{"line":14,"column":8},"end":{"line":14,"column":51}},"5":{"start":{"line":17,"column":8},"end":{"line":17,"column":84}},"6":{"start":{"line":17,"column":51},"end":{"line":17,"column":84}},"7":{"start":{"line":19,"column":8},"end":{"line":19,"column":43}},"8":{"start":{"line":22,"column":8},"end":{"line":22,"column":94}},"9":{"start":{"line":3,"column":0},"end":{"line":29,"column":1}}},"fnMap":{"0":{"name":"(anonymous_0)","decl":{"start":{"line":7,"column":2},"end":{"line":7,"column":13}},"loc":{"start":{"line":7,"column":28},"end":{"line":25,"column":3}}},"1":{"name":"(anonymous_1)","decl":{"start":{"line":11,"column":11},"end":{"line":11,"column":12}},"loc":{"start":{"line":11,"column":38},"end":{"line":15,"column":7}}},"2":{"name":"(anonymous_2)","decl":{"start":{"line":16,"column":13},"end":{"line":16,"column":14}},"loc":{"start":{"line":16,"column":40},"end":{"line":20,"column":7}}},"3":{"name":"(anonymous_3)","decl":{"start":{"line":21,"column":11},"end":{"line":21,"column":12}},"loc":{"start":{"line":21,"column":28},"end":{"line":23,"column":7}}}},"branchMap":{"0":{"loc":{"start":{"line":12,"column":8},"end":{"line":12,"column":63}},"type":"if","locations":[{"start":{"line":12,"column":8},"end":{"line":12,"column":63}},{"start":{"line":12,"column":8},"end":{"line":12,"column":63}}]},"1":{"loc":{"start":{"line":17,"column":8},"end":{"line":17,"column":84}},"type":"if","locations":[{"start":{"line":17,"column":8},"end":{"line":17,"column":84}},{"start":{"line":17,"column":8},"end":{"line":17,"column":84}}]},"2":{"loc":{"start":{"line":22,"column":16},"end":{"line":22,"column":51}},"type":"binary-expr","locations":[{"start":{"line":22,"column":16},"end":{"line":22,"column":51}},{"start":{"line":22,"column":55},"end":{"line":22,"column":92}}]}},"s":{"0":0,"1":0,"2":0,"3":0,"4":0,"5":0,"6":0,"7":0,"8":0,"9":1},"f":{"0":0,"1":0,"2":0,"3":0},"b":{"0":[0,0],"1":[0,0],"2":[0,0]}}
,"C:\\Projects\\DigitalKrate\\KrateCMS\\src\\KrateCMS\\Router.ts": {"path":"C:\\Projects\\DigitalKrate\\KrateCMS\\src\\KrateCMS\\Router.ts","statementMap":{"0":{"start":{"line":1,"column":0},"end":{"line":1,"column":63}},"1":{"start":{"line":3,"column":0},"end":{"line":3,"column":39}},"2":{"start":{"line":5,"column":15},"end":{"line":5,"column":28}},"3":{"start":{"line":8,"column":0},"end":{"line":8,"column":82}},"4":{"start":{"line":8,"column":49},"end":{"line":8,"column":80}},"5":{"start":{"line":11,"column":0},"end":{"line":11,"column":91}},"6":{"start":{"line":11,"column":54},"end":{"line":11,"column":89}},"7":{"start":{"line":12,"column":0},"end":{"line":12,"column":97}},"8":{"start":{"line":12,"column":62},"end":{"line":12,"column":95}},"9":{"start":{"line":14,"column":0},"end":{"line":14,"column":22}}},"fnMap":{"0":{"name":"(anonymous_1)","decl":{"start":{"line":8,"column":16},"end":{"line":8,"column":17}},"loc":{"start":{"line":8,"column":49},"end":{"line":8,"column":80}}},"1":{"name":"(anonymous_2)","decl":{"start":{"line":11,"column":21},"end":{"line":11,"column":22}},"loc":{"start":{"line":11,"column":54},"end":{"line":11,"column":89}}},"2":{"name":"(anonymous_3)","decl":{"start":{"line":12,"column":29},"end":{"line":12,"column":30}},"loc":{"start":{"line":12,"column":62},"end":{"line":12,"column":95}}}},"branchMap":{},"s":{"0":1,"1":1,"2":1,"3":1,"4":0,"5":1,"6":0,"7":1,"8":0,"9":1},"f":{"0":0,"1":0,"2":0},"b":{}}
,"C:\\Projects\\DigitalKrate\\KrateCMS\\src\\KrateCMS\\index.ts": {"path":"C:\\Projects\\DigitalKrate\\KrateCMS\\src\\KrateCMS\\index.ts","statementMap":{"0":{"start":{"line":1,"column":0},"end":{"line":1,"column":25}},"1":{"start":{"line":9,"column":2},"end":{"line":9,"column":6}},"2":{"start":{"line":2,"column":0},"end":{"line":2,"column":41}},"3":{"start":{"line":9,"column":8},"end":{"line":9,"column":20}},"4":{"start":{"line":3,"column":0},"end":{"line":3,"column":29}},"5":{"start":{"line":9,"column":22},"end":{"line":9,"column":28}},"6":{"start":{"line":4,"column":0},"end":{"line":4,"column":31}},"7":{"start":{"line":9,"column":30},"end":{"line":9,"column":37}},"8":{"start":{"line":5,"column":0},"end":{"line":5,"column":29}},"9":{"start":{"line":9,"column":39},"end":{"line":9,"column":45}},"10":{"start":{"line":6,"column":0},"end":{"line":6,"column":33}},"11":{"start":{"line":9,"column":47},"end":{"line":9,"column":55}}},"fnMap":{},"branchMap":{},"s":{"0":1,"1":1,"2":1,"3":1,"4":1,"5":1,"6":1,"7":1,"8":1,"9":1,"10":1,"11":1},"f":{},"b":{}}
}
