TN:
SF:C:\Projects\DigitalKrate\KrateCMS\src\KrateCMS\Core.ts
FN:15,(anonymous_7)
FN:23,(anonymous_8)
FN:24,(anonymous_10)
FN:24,(anonymous_11)
FN:40,(anonymous_12)
FN:47,(anonymous_13)
FN:51,(anonymous_14)
FN:52,(anonymous_16)
FN:53,(anonymous_17)
FN:61,(anonymous_18)
FN:65,(anonymous_19)
FN:67,(anonymous_20)
FN:68,(anonymous_21)
FNF:13
FNH:3
FNDA:1,(anonymous_7)
FNDA:0,(anonymous_8)
FNDA:0,(anonymous_10)
FNDA:0,(anonymous_11)
FNDA:0,(anonymous_12)
FNDA:2,(anonymous_13)
FNDA:0,(anonymous_14)
FNDA:0,(anonymous_16)
FNDA:0,(anonymous_17)
FNDA:1,(anonymous_18)
FNDA:0,(anonymous_19)
FNDA:0,(anonymous_20)
FNDA:0,(anonymous_21)
DA:1,1
DA:2,1
DA:3,1
DA:5,1
DA:9,1
DA:11,1
DA:13,1
DA:16,1
DA:18,1
DA:20,1
DA:24,0
DA:25,0
DA:31,0
DA:34,0
DA:35,0
DA:38,0
DA:40,0
DA:41,0
DA:42,0
DA:48,2
DA:52,0
DA:53,0
DA:54,0
DA:56,0
DA:62,1
DA:66,0
DA:67,0
DA:68,0
DA:69,0
DA:76,1
LF:30
LH:13
BRDA:15,0,0,0
BRDA:20,1,0,0
BRDA:20,1,1,1
BRDA:23,2,0,0
BRDA:48,3,0,2
BRDA:48,3,1,0
BRDA:54,4,0,0
BRDA:54,4,1,0
BRDA:62,5,0,1
BRDA:62,5,1,0
BRDA:62,6,0,1
BRDA:62,6,1,0
BRDA:76,7,0,1
BRDA:76,7,1,0
BRF:14
BRH:5
end_of_record
TN:
SF:C:\Projects\DigitalKrate\KrateCMS\src\KrateCMS\Plugin.ts
FNF:0
FNH:0
DA:1,1
LF:1
LH:1
BRF:0
BRH:0
end_of_record
TN:
SF:C:\Projects\DigitalKrate\KrateCMS\src\KrateCMS\Plugins.ts
FN:10,(anonymous_7)
FN:11,(anonymous_9)
FN:11,(anonymous_10)
FN:12,(anonymous_11)
FN:16,(anonymous_12)
FN:40,(anonymous_13)
FN:44,(anonymous_14)
FNF:7
FNH:0
FNDA:0,(anonymous_7)
FNDA:0,(anonymous_9)
FNDA:0,(anonymous_10)
FNDA:0,(anonymous_11)
FNDA:0,(anonymous_12)
FNDA:0,(anonymous_13)
FNDA:0,(anonymous_14)
DA:1,1
DA:3,1
DA:6,1
DA:8,1
DA:11,0
DA:12,0
DA:13,0
DA:15,0
DA:16,0
DA:17,0
DA:18,0
DA:19,0
DA:20,0
DA:21,0
DA:23,0
DA:25,0
DA:26,0
DA:27,0
DA:31,0
DA:35,0
DA:41,0
DA:42,0
DA:44,0
DA:45,0
DA:46,0
DA:47,0
DA:48,0
DA:49,0
DA:51,0
DA:53,0
DA:54,0
DA:55,0
DA:59,0
DA:63,0
LF:34
LH:4
BRDA:13,0,0,0
BRDA:13,0,1,0
BRDA:19,1,0,0
BRDA:19,1,1,0
BRDA:23,2,0,0
BRDA:23,2,1,0
BRDA:23,3,0,0
BRDA:23,3,1,0
BRDA:23,3,2,0
BRDA:23,3,3,0
BRDA:23,3,4,0
BRDA:25,4,0,0
BRDA:25,4,1,0
BRDA:47,5,0,0
BRDA:47,5,1,0
BRDA:51,6,0,0
BRDA:51,6,1,0
BRDA:51,7,0,0
BRDA:51,7,1,0
BRDA:51,7,2,0
BRDA:51,7,3,0
BRDA:51,7,4,0
BRDA:53,8,0,0
BRDA:53,8,1,0
BRF:24
BRH:0
end_of_record
TN:
SF:C:\Projects\DigitalKrate\KrateCMS\src\KrateCMS\RenderEngine.ts
FN:8,(anonymous_0)
FN:10,(anonymous_1)
FNF:2
FNH:0
FNDA:0,(anonymous_0)
FNDA:0,(anonymous_1)
DA:1,1
DA:3,1
DA:5,0
DA:6,0
DA:12,0
DA:17,1
LF:6
LH:3
BRF:0
BRH:0
end_of_record
TN:
SF:C:\Projects\DigitalKrate\KrateCMS\src\KrateCMS\Response.ts
FN:7,(anonymous_0)
FN:11,(anonymous_1)
FN:16,(anonymous_2)
FN:21,(anonymous_3)
FNF:4
FNH:0
FNDA:0,(anonymous_0)
FNDA:0,(anonymous_1)
FNDA:0,(anonymous_2)
FNDA:0,(anonymous_3)
DA:3,1
DA:8,0
DA:10,0
DA:12,0
DA:14,0
DA:17,0
DA:19,0
DA:22,0
LF:8
LH:1
BRDA:12,0,0,0
BRDA:12,0,1,0
BRDA:17,1,0,0
BRDA:17,1,1,0
BRDA:22,2,0,0
BRDA:22,2,1,0
BRF:6
BRH:0
end_of_record
TN:
SF:C:\Projects\DigitalKrate\KrateCMS\src\KrateCMS\Router.ts
FN:8,(anonymous_1)
FN:11,(anonymous_2)
FN:12,(anonymous_3)
FNF:3
FNH:0
FNDA:0,(anonymous_1)
FNDA:0,(anonymous_2)
FNDA:0,(anonymous_3)
DA:1,1
DA:3,1
DA:5,1
DA:8,1
DA:11,1
DA:12,1
DA:14,1
LF:7
LH:7
BRF:0
BRH:0
end_of_record
TN:
SF:C:\Projects\DigitalKrate\KrateCMS\src\KrateCMS\index.ts
FNF:0
FNH:0
DA:1,1
DA:2,1
DA:3,1
DA:4,1
DA:5,1
DA:6,1
DA:9,1
LF:7
LH:7
BRF:0
BRH:0
end_of_record
